c:\ps3hen-320\make_pkg\xai_plugin_hen-t\ps3_debug\cellprx_videorec_stub.a
d:\temp\ps3ppuld65322\lib.ent.o
c:\ps3hen-320\make_pkg\xai_plugin_hen-t\ps3_debug\videorec.prx
c:\ps3hen-320\make_pkg\xai_plugin_hen-t\videorec\cellprx_videorec_stub.a
d:\temp\ps3ppuld65322\lib.ent.s
c:\ps3hen-320\make_pkg\xai_plugin_hen-t\videorec\ps3_debug\stdafx.o
c:\ps3hen-320\make_pkg\xai_plugin_hen-t\videorec\ps3_debug\videorec.pch
c:\ps3hen-320\make_pkg\xai_plugin_hen-t\videorec\ps3_debug\prx.o
c:\ps3hen-320\make_pkg\xai_plugin_hen-t\videorec\ps3_debug\videorec.write.1.tlog
c:\ps3hen-320\make_pkg\xai_plugin_hen-t\videorec\ps3_debug\videorec.tlog\ps3ppuld64-ppu-lv2-as.read.1.tlog
c:\ps3hen-320\make_pkg\xai_plugin_hen-t\videorec\ps3_debug\videorec.tlog\ps3ppuld64-ppu-lv2-as.write.1.tlog
c:\ps3hen-320\make_pkg\xai_plugin_hen-t\videorec\ps3_debug\videorec.tlog\ps3ppuld64-ppu-lv2-prx-fixup.read.1.tlog
c:\ps3hen-320\make_pkg\xai_plugin_hen-t\videorec\ps3_debug\videorec.tlog\ps3ppuld64-ppu-lv2-prx-fixup.write.1.tlog
c:\ps3hen-320\make_pkg\xai_plugin_hen-t\videorec\ps3_debug\videorec.tlog\ps3ppuld64-ppu-lv2-prx-libgen.read.1.tlog
c:\ps3hen-320\make_pkg\xai_plugin_hen-t\videorec\ps3_debug\videorec.tlog\ps3ppuld64-ppu-lv2-prx-libgen.write.1.tlog
c:\ps3hen-320\make_pkg\xai_plugin_hen-t\videorec\ps3_debug\videorec.tlog\ps3ppuld64.command.1.tlog
c:\ps3hen-320\make_pkg\xai_plugin_hen-t\videorec\ps3_debug\videorec.tlog\ps3ppuld64.read.1.tlog
c:\ps3hen-320\make_pkg\xai_plugin_hen-t\videorec\ps3_debug\videorec.tlog\ps3ppuld64.write.1.tlog
c:\ps3hen-320\make_pkg\xai_plugin_hen-t\videorec\ps3_debug\videorec.tlog\ps3ppusnc.command.1.tlog
c:\ps3hen-320\make_pkg\xai_plugin_hen-t\videorec\ps3_debug\videorec.tlog\ps3ppusnc.read.1.tlog
c:\ps3hen-320\make_pkg\xai_plugin_hen-t\videorec\ps3_debug\videorec.tlog\ps3ppusnc.write.1.tlog
