c:\ps3hen-320\make_pkg\xai_plugin_hen-t\ps3_debug\cellprx_xai_plugin_stub.a
d:\temp\ccmdaaaa.lib.ent.o
c:\ps3hen-320\make_pkg\xai_plugin_hen-t\ps3_debug\xai_plugin.prx
c:\ps3hen-320\make_pkg\xai_plugin_hen-t\xai_plugin\cellprx_xai_plugin_stub.a
d:\temp\ccutaaaa.lib.ent.s
c:\ps3hen-320\make_pkg\xai_plugin_hen-t\xai_plugin\gccpch.h.gch\xai_plugin_debug.h.gch
c:\ps3hen-320\make_pkg\xai_plugin_hen-t\xai_plugin\ps3_debug\hfw_settings.o
c:\ps3hen-320\make_pkg\xai_plugin_hen-t\xai_plugin\ps3_debug\des.o
c:\ps3hen-320\make_pkg\xai_plugin_hen-t\xai_plugin\ps3_debug\log.o
c:\ps3hen-320\make_pkg\xai_plugin_hen-t\xai_plugin\ps3_debug\prx.o
d:\temp\cc2jaaaa.psp.rela.o
d:\temp\collect2_612_0.rsp
c:\ps3hen-320\make_pkg\xai_plugin_hen-t\xai_plugin\ps3_debug\xai_plugin.write.1.tlog
c:\ps3hen-320\make_pkg\xai_plugin_hen-t\xai_plugin\ps3_debug\xai_plugin.tlog\ppu-lv2-gcc-as.read.1.tlog
c:\ps3hen-320\make_pkg\xai_plugin_hen-t\xai_plugin\ps3_debug\xai_plugin.tlog\ppu-lv2-gcc-as.write.1.tlog
c:\ps3hen-320\make_pkg\xai_plugin_hen-t\xai_plugin\ps3_debug\xai_plugin.tlog\ppu-lv2-gcc-collect2.read.1.tlog
c:\ps3hen-320\make_pkg\xai_plugin_hen-t\xai_plugin\ps3_debug\xai_plugin.tlog\ppu-lv2-gcc-collect2.write.1.tlog
c:\ps3hen-320\make_pkg\xai_plugin_hen-t\xai_plugin\ps3_debug\xai_plugin.tlog\ppu-lv2-gcc-ppu-lv2-prx-fixup.read.1.tlog
c:\ps3hen-320\make_pkg\xai_plugin_hen-t\xai_plugin\ps3_debug\xai_plugin.tlog\ppu-lv2-gcc-ppu-lv2-prx-fixup.write.1.tlog
c:\ps3hen-320\make_pkg\xai_plugin_hen-t\xai_plugin\ps3_debug\xai_plugin.tlog\ppu-lv2-gcc-ppu-lv2-prx-libgen.read.1.tlog
c:\ps3hen-320\make_pkg\xai_plugin_hen-t\xai_plugin\ps3_debug\xai_plugin.tlog\ppu-lv2-gcc-ppu-lv2-prx-libgen.write.1.tlog
c:\ps3hen-320\make_pkg\xai_plugin_hen-t\xai_plugin\ps3_debug\xai_plugin.tlog\ppu-lv2-gcc-ps3ppuld.command.1.tlog
c:\ps3hen-320\make_pkg\xai_plugin_hen-t\xai_plugin\ps3_debug\xai_plugin.tlog\ppu-lv2-gcc.cl.command.1.tlog
c:\ps3hen-320\make_pkg\xai_plugin_hen-t\xai_plugin\ps3_debug\xai_plugin.tlog\ppu-lv2-gcc.cl.read.1.tlog
c:\ps3hen-320\make_pkg\xai_plugin_hen-t\xai_plugin\ps3_debug\xai_plugin.tlog\ppu-lv2-gcc.cl.write.1.tlog
c:\ps3hen-320\make_pkg\xai_plugin_hen-t\xai_plugin\ps3_debug\xai_plugin.tlog\ppu-lv2-gcc.read.1.tlog
c:\ps3hen-320\make_pkg\xai_plugin_hen-t\xai_plugin\ps3_debug\xai_plugin.tlog\ppu-lv2-gcc.write.1.tlog
